2022-07-23 20:44:56|   DEBUG|logging-1.py[:14]|This is root Logger, debug
2022-07-23 20:45:39|   DEBUG|<ipython-input-31-041c1e786b98>[:8]|This is root Logger, debug
2022-07-23 20:46:12|   DEBUG|logging-1.py[:14]|This is root Logger, debug
2022-07-23 20:47:44|   DEBUG|logging-1.py[:14]|This is root Logger, debug
2022-07-23 20:48:13|   DEBUG|logging-1.py[:14]|This is root Logger, debug
2022-07-23 20:48:13|   DEBUG|logging-1.py[:17]|This is applog, debug
2022-07-23 20:48:13|   ERROR|logging-1.py[:22]|invalid literal for int() with base 10: 'abc'
Traceback (most recent call last):
  File "G:/BaiduNetdiskDownload/pythonTutorial/logging/logging-1.py", line 20, in <module>
    int(a)
ValueError: invalid literal for int() with base 10: 'abc'
2022-07-23 20:48:15|   DEBUG|logging-1.py[:14]|This is root Logger, debug
2022-07-23 20:48:15|   DEBUG|logging-1.py[:17]|This is applog, debug
2022-07-23 20:48:15|   ERROR|logging-1.py[:22]|invalid literal for int() with base 10: 'abc'
Traceback (most recent call last):
  File "G:/BaiduNetdiskDownload/pythonTutorial/logging/logging-1.py", line 20, in <module>
    int(a)
ValueError: invalid literal for int() with base 10: 'abc'
2022-07-23 20:48:41|   DEBUG|<ipython-input-33-041c1e786b98>[:8]|This is root Logger, debug
2022-07-23 20:54:45|   ERROR|logging-1.py[:15]|invalid literal for int() with base 10: 'abc'
Traceback (most recent call last):
  File "G:/BaiduNetdiskDownload/pythonTutorial/logging/logging-1.py", line 13, in <module>
    int(a)
ValueError: invalid literal for int() with base 10: 'abc'
2022-07-23 20:55:29|   ERROR|logging-1.py[:14]|name 'a' is not defined
Traceback (most recent call last):
  File "G:/BaiduNetdiskDownload/pythonTutorial/logging/logging-1.py", line 12, in <module>
    int(a)
NameError: name 'a' is not defined
